<?xml version="1.0" encoding="UTF-8"?>
<!-- Generated by org.testng.reporters.JUnitReportReporter -->
<testsuite hostname="group10-PC" name="com.way2selenium.testcases.TestCases" tests="1" failures="0" timestamp="22 Sep 2016 12:12:46 GMT" time="7.997" errors="0">
  <testcase name="contactForm" time="7.997" classname="com.way2selenium.testcases.TestCases"/>
</testsuite> <!-- com.way2selenium.testcases.TestCases -->
